StickyListHeaders_lib/build/outputs/logs/manifest-merger-release-report.txt
-- Merging decision tree log ---
manifest
ADDED from GitQgProject\StickyListHeaders_lib\AndroidManifest.xml:2:1-6:12
INJECTED from GitQgProject\StickyListHeaders_lib\AndroidManifest.xml:2:1-6:12
INJECTED from GitQgProject\StickyListHeaders_lib\AndroidManifest.xml:2:1-6:12
	package
		ADDED from GitQgProject\StickyListHeaders_lib\AndroidManifest.xml:3:5-61
		INJECTED from GitQgProject\StickyListHeaders_lib\AndroidManifest.xml
		INJECTED from GitQgProject\StickyListHeaders_lib\AndroidManifest.xml
	xmlns:android
		ADDED from GitQgProject\StickyListHeaders_lib\AndroidManifest.xml:2:11-69